# Iteration 1 Log

## Metadata

- **Task ID**: US-008
- **Task Title**: Monorepo-Aware Scanning
- **Description**: As a developer working with monorepos, I want Projector to respect nested .git directories so that I see subprojects as separate entries.
- **Status**: interrupted
- **Task Completed**: No
- **Promise Detected**: No
- **Started At**: 2026-02-20T22:20:49.149Z
- **Ended At**: 2026-02-20T22:21:57.963Z
- **Duration**: 1m 8s
- **Agent**: opencode
- **Sandbox Mode**: auto
- **Sandbox Network**: Enabled
--- RAW OUTPUT ---
[94m[read][0m
[94m[read][0m
I'll start by studying the PRD context and progress to understand the codebase patterns and current status.
[94m[glob][0m pattern: [96m**/*.go[0m
[94m[grep][0m pattern: [96mscanner|scan|\.git[0m
[94m[glob][0m pattern: [96m**/scanner*.go[0m
[94m[read][0m
Let me find the scanner implementation and understand the current structure:
[94m[read][0m
[94m[read][0m
[94m[read][0m
